<?xml version="1.0" encoding="UTF-8"?>
<!-- Generated by org.testng.reporters.JUnitReportReporter -->
<testsuite hostname="DESKTOP-QK082SQ" failures="0" tests="1" name="Runner_PKG_FireFox.TestRunner" time="73.907" errors="0" timestamp="2020-03-27T21:37:36 IST" skipped="0">
  <testcase classname="Runner_PKG_FireFox.TestRunner" name="feature" time="73.907"/>
</testsuite> <!-- Runner_PKG_FireFox.TestRunner -->
