<?xml version="1.0" encoding="UTF-8"?>
<!-- Generated by org.testng.reporters.JUnitReportReporter -->
<testsuite hostname="DESKTOP-QK082SQ" failures="0" tests="1" name="Runner_PKG1.TestRunner" time="196.052" errors="0" timestamp="2020-03-25T10:22:00 IST" skipped="0">
  <testcase classname="Runner_PKG1.TestRunner" name="feature" time="196.052"/>
</testsuite> <!-- Runner_PKG1.TestRunner -->
