<?xml version="1.0" encoding="UTF-8"?>
<!-- Generated by org.testng.reporters.JUnitReportReporter -->
<testsuite hostname="DESKTOP-QK082SQ" failures="0" tests="1" name="Runner_PKG.TestRunner12" time="185.942" errors="0" timestamp="2020-03-25T10:41:06 IST" skipped="0">
  <testcase classname="Runner_PKG.TestRunner12" name="feature" time="185.942"/>
</testsuite> <!-- Runner_PKG.TestRunner12 -->
