<?xml version="1.0" encoding="UTF-8"?>
<!-- Generated by org.testng.reporters.JUnitReportReporter -->
<testsuite hostname="DESKTOP-QK082SQ" failures="0" tests="1" name="Runner_PKG_Chrome.TestRunner12" time="402.468" errors="0" timestamp="2020-03-27T22:03:39 IST" skipped="0">
  <testcase classname="Runner_PKG_Chrome.TestRunner12" name="feature" time="402.468"/>
</testsuite> <!-- Runner_PKG_Chrome.TestRunner12 -->
