<?xml version="1.0" encoding="UTF-8"?>
<!-- Generated by org.testng.reporters.JUnitReportReporter -->
<testsuite hostname="DESKTOP-QK082SQ" failures="0" tests="1" name="Runner_PKG_Chrome.TestRunner12" time="268.234" errors="0" timestamp="2020-03-25T11:12:01 IST" skipped="0">
  <testcase classname="Runner_PKG_Chrome.TestRunner12" name="feature" time="268.234"/>
</testsuite> <!-- Runner_PKG_Chrome.TestRunner12 -->
